<?xml version="1.0" encoding="UTF-8"?>
<testsuite name="TestSuite" time="226.639" tests="26" errors="0" skipped="0" failures="12">
  <properties>
    <property name="java.runtime.name" value="Java(TM) SE Runtime Environment"/>
    <property name="sun.boot.library.path" value="C:\Program Files\Java\jdk1.8.0_321\jre\bin"/>
    <property name="java.vm.version" value="25.321-b07"/>
    <property name="java.vm.vendor" value="Oracle Corporation"/>
    <property name="maven.multiModuleProjectDirectory" value="C:\Users\adars\workspace\POM_OCT_22"/>
    <property name="java.vendor.url" value="http://java.oracle.com/"/>
    <property name="path.separator" value=";"/>
    <property name="guice.disable.misplaced.annotation.check" value="true"/>
    <property name="java.vm.name" value="Java HotSpot(TM) 64-Bit Server VM"/>
    <property name="file.encoding.pkg" value="sun.io"/>
    <property name="user.script" value=""/>
    <property name="user.country" value="IN"/>
    <property name="sun.java.launcher" value="SUN_STANDARD"/>
    <property name="sun.os.patch.level" value=""/>
    <property name="java.vm.specification.name" value="Java Virtual Machine Specification"/>
    <property name="user.dir" value="C:\Users\adars\workspace\POM_OCT_22"/>
    <property name="java.runtime.version" value="1.8.0_321-b07"/>
    <property name="java.awt.graphicsenv" value="sun.awt.Win32GraphicsEnvironment"/>
    <property name="java.endorsed.dirs" value="C:\Program Files\Java\jdk1.8.0_321\jre\lib\endorsed"/>
    <property name="os.arch" value="amd64"/>
    <property name="java.io.tmpdir" value="C:\Users\adars\AppData\Local\Temp\"/>
    <property name="line.separator" value="&#10;"/>
    <property name="java.vm.specification.vendor" value="Oracle Corporation"/>
    <property name="user.variant" value=""/>
    <property name="os.name" value="Windows 10"/>
    <property name="classworlds.conf" value="C:\apache-maven-3.8.4-bin\apache-maven-3.8.4\bin\m2.conf"/>
    <property name="sun.jnu.encoding" value="Cp1252"/>
    <property name="java.library.path" value="C:\Program Files\Java\jdk1.8.0_321\bin;C:\Windows\Sun\Java\bin;C:\Windows\system32;C:\Windows;C:\Program Files\Common Files\Oracle\Java\javapath;C:\Program Files (x86)\Common Files\Oracle\Java\javapath;C:\Python39\Scripts\;C:\Python39\;C:\Windows\system32;C:\Windows;C:\Windows\System32\Wbem;C:\Windows\System32\WindowsPowerShell\v1.0\;C:\Windows\System32\OpenSSH\;C:\Program Files\nodejs;C:\Program Files\nodejs\;C:\ProgramData\chocolatey\bin;C:\Program Files\Java\jdk1.8.0_321\bin;C:\Program Files\Java\jdk1.8.0_321\;C:\Users\adars\AppData\Local\Android\Sdk;C:\Users\adars\AppData\Local\Android\Sdk\tools;C:\Users\adars\AppData\Local\Android\Sdk\tools\bin;C:\Users\adars\AppData\Local\Android\Sdk\build-tools;C:\apache-maven-3.8.1\bin;C:\Users\adars\AppData\Local\Android\Sdk\platform-tools;C:\apache-maven-3.8.4-bin\apache-maven-3.8.4\bin;C:\Program Files\Java\jdk1.8.0_321\bin;C:\Program Files\Java\jdk1.8.0_321\;C:\Program Files (x86)\Pulse Secure\VC142.CRT\X64\;C:\Program Files (x86)\Pulse Secure\VC142.CRT\X86\;C:\Program Files (x86)\Common Files\Pulse Secure\TNC Client Plugin\;C:\Program Files\Git\cmd;C:\Users\adars\AppData\Local\Microsoft\WindowsApps;C:\Users\adars\AppData\Roaming\npm;C:\Users\adars\AppData\Local\GitHubDesktop\bin;."/>
    <property name="maven.conf" value="C:\apache-maven-3.8.4-bin\apache-maven-3.8.4/conf"/>
    <property name="java.specification.name" value="Java Platform API Specification"/>
    <property name="java.class.version" value="52.0"/>
    <property name="sun.management.compiler" value="HotSpot 64-Bit Tiered Compilers"/>
    <property name="os.version" value="10.0"/>
    <property name="library.jansi.path" value="C:\apache-maven-3.8.4-bin\apache-maven-3.8.4\lib\jansi-native"/>
    <property name="user.home" value="C:\Users\adars"/>
    <property name="user.timezone" value="Asia/Calcutta"/>
    <property name="java.awt.printerjob" value="sun.awt.windows.WPrinterJob"/>
    <property name="java.specification.version" value="1.8"/>
    <property name="file.encoding" value="Cp1252"/>
    <property name="user.name" value="adars"/>
    <property name="java.class.path" value="C:\apache-maven-3.8.4-bin\apache-maven-3.8.4\boot\plexus-classworlds-2.6.0.jar"/>
    <property name="java.vm.specification.version" value="1.8"/>
    <property name="sun.arch.data.model" value="64"/>
    <property name="java.home" value="C:\Program Files\Java\jdk1.8.0_321\jre"/>
    <property name="sun.java.command" value="org.codehaus.plexus.classworlds.launcher.Launcher clean install test"/>
    <property name="java.specification.vendor" value="Oracle Corporation"/>
    <property name="user.language" value="en"/>
    <property name="awt.toolkit" value="sun.awt.windows.WToolkit"/>
    <property name="java.vm.info" value="mixed mode"/>
    <property name="java.version" value="1.8.0_321"/>
    <property name="java.ext.dirs" value="C:\Program Files\Java\jdk1.8.0_321\jre\lib\ext;C:\Windows\Sun\Java\lib\ext"/>
    <property name="sun.boot.class.path" value="C:\Program Files\Java\jdk1.8.0_321\jre\lib\resources.jar;C:\Program Files\Java\jdk1.8.0_321\jre\lib\rt.jar;C:\Program Files\Java\jdk1.8.0_321\jre\lib\sunrsasign.jar;C:\Program Files\Java\jdk1.8.0_321\jre\lib\jsse.jar;C:\Program Files\Java\jdk1.8.0_321\jre\lib\jce.jar;C:\Program Files\Java\jdk1.8.0_321\jre\lib\charsets.jar;C:\Program Files\Java\jdk1.8.0_321\jre\lib\jfr.jar;C:\Program Files\Java\jdk1.8.0_321\jre\classes"/>
    <property name="java.vendor" value="Oracle Corporation"/>
    <property name="maven.home" value="C:\apache-maven-3.8.4-bin\apache-maven-3.8.4"/>
    <property name="file.separator" value="\"/>
    <property name="java.vendor.url.bug" value="http://bugreport.sun.com/bugreport/"/>
    <property name="sun.cpu.endian" value="little"/>
    <property name="sun.io.unicode.encoding" value="UnicodeLittle"/>
    <property name="sun.desktop" value="windows"/>
    <property name="sun.cpu.isalist" value="amd64"/>
  </properties>
  <testcase name="TC_HM_001" classname="testcases.TC_HM_001" time="2.778"/>
  <testcase name="TC_HM_002" classname="testcases.TC_HM_002" time="4.164"/>
  <testcase name="TC_HM_003" classname="testcases.TC_HM_003" time="11.713">
    <failure message="Not matching expected [46] but found [49]" type="java.lang.AssertionError">java.lang.AssertionError: Not matching expected [46] but found [49]
	at org.testng.Assert.fail(Assert.java:110)
	at org.testng.Assert.failNotEquals(Assert.java:1413)
	at org.testng.Assert.assertEqualsImpl(Assert.java:149)
	at org.testng.Assert.assertEquals(Assert.java:131)
	at org.testng.Assert.assertEquals(Assert.java:1240)
	at pages.UsedCarPage.verifynoofbrands(UsedCarPage.java:39)
	at testcases.TC_HM_003.TC_HM_003(TC_HM_003.java:20)
</failure>
    <system-out>log4j: System property is :null
log4j: Standard DocumentBuilderFactory search succeded.
log4j: DocumentBuilderFactory is: com.sun.org.apache.xerces.internal.jaxp.DocumentBuilderFactoryImpl
log4j: debug attribute= "true".
log4j: reset attribute= "false".
log4j: Threshold ="null".
log4j: Level value for root is  [INFO].
log4j: root level set to INFO
log4j: Class name: [org.apache.log4j.ConsoleAppender]
log4j: Parsing layout of class: "org.apache.log4j.PatternLayout"
log4j: Setting property [conversionPattern] to [%d{yyyy-MM-dd HH:mm:ss} %-5p %c{1}:%L - %m%n].
log4j: Adding appender named [console] to category [root].
log4j: Class name: [org.apache.log4j.RollingFileAppender]
log4j: Setting property [append] to [true].
log4j: Setting property [maxFileSize] to [10MB].
log4j: Setting property [maxBackupIndex] to [10].
log4j: Setting property [file] to [C:/Users/adars/workspace/POM_OCT_22/logs/myStruts1App.log].
log4j: Parsing layout of class: "org.apache.log4j.PatternLayout"
log4j: Setting property [conversionPattern] to [%d{yyyy-MM-dd HH:mm:ss} %-5p %c{1}:%L - %m%n].
log4j: setFile called: C:/Users/adars/workspace/POM_OCT_22/logs/myStruts1App.log, true
log4j: setFile ended
log4j: Adding appender named [file] to category [root].
2022-11-08 19:36:23 INFO  BasePage:69 - Waiting for the elementUsed
2022-11-08 19:36:23 INFO  BasePage:84 - C:\Users\adars\workspace\POM_OCT_22\screenshots\2022.11.08.19.36.23.png
2022-11-08 19:36:24 INFO  BasePage:69 - Waiting for the elementSearch
2022-11-08 19:36:24 INFO  BasePage:69 - Waiting for the elementSearch
2022-11-08 19:36:25 INFO  BasePage:84 - C:\Users\adars\workspace\POM_OCT_22\screenshots\2022.11.08.19.36.25.png
log4j: System property is :null
log4j: Standard DocumentBuilderFactory search succeded.
log4j: DocumentBuilderFactory is: com.sun.org.apache.xerces.internal.jaxp.DocumentBuilderFactoryImpl
log4j: debug attribute= "true".
log4j: reset attribute= "false".
log4j: Threshold ="null".
log4j: Level value for root is  [INFO].
log4j: root level set to INFO
log4j: Class name: [org.apache.log4j.ConsoleAppender]
log4j: Parsing layout of class: "org.apache.log4j.PatternLayout"
log4j: Setting property [conversionPattern] to [%d{yyyy-MM-dd HH:mm:ss} %-5p %c{1}:%L - %m%n].
log4j: Adding appender named [console] to category [root].
log4j: Class name: [org.apache.log4j.RollingFileAppender]
log4j: Setting property [append] to [true].
log4j: Setting property [maxFileSize] to [10MB].
log4j: Setting property [maxBackupIndex] to [10].
log4j: Setting property [file] to [C:/Users/adars/workspace/POM_OCT_22/logs/myStruts1App.log].
log4j: Parsing layout of class: "org.apache.log4j.PatternLayout"
log4j: Setting property [conversionPattern] to [%d{yyyy-MM-dd HH:mm:ss} %-5p %c{1}:%L - %m%n].
log4j: setFile called: C:/Users/adars/workspace/POM_OCT_22/logs/myStruts1App.log, true
log4j: setFile ended
log4j: Adding appender named [file] to category [root].
2022-11-08 19:36:31 INFO  BasePage:69 - Waiting for the elementBangalore, Karnataka
2022-11-08 19:36:31 INFO  BasePage:84 - C:\Users\adars\workspace\POM_OCT_22\screenshots\2022.11.08.19.36.31.png
</system-out>
    <system-err>Starting ChromeDriver 107.0.5304.62 (1eec40d3a5764881c92085aaee66d25075c159aa-refs/branch-heads/5304@{#942}) on port 32679
Only local connections are allowed.
Please see https://chromedriver.chromium.org/security-considerations for suggestions on keeping ChromeDriver safe.
ChromeDriver was started successfully.
Nov 08, 2022 7:36:18 PM org.openqa.selenium.remote.ProtocolHandshake createSession
INFO: Detected dialect: W3C
</system-err>
  </testcase>
  <testcase name="TC_HM_003_parameterizer" classname="testcases.TC_HM_003_parameterize" time="9.058">
    <failure message="Not matching expected [46] but found [49]" type="java.lang.AssertionError">java.lang.AssertionError: Not matching expected [46] but found [49]
	at org.testng.Assert.fail(Assert.java:110)
	at org.testng.Assert.failNotEquals(Assert.java:1413)
	at org.testng.Assert.assertEqualsImpl(Assert.java:149)
	at org.testng.Assert.assertEquals(Assert.java:131)
	at org.testng.Assert.assertEquals(Assert.java:1240)
	at pages.UsedCarPage.verifynoofbrands(UsedCarPage.java:39)
	at testcases.TC_HM_003_parameterize.TC_HM_003_parameterizer(TC_HM_003_parameterize.java:20)
</failure>
    <system-out>log4j: System property is :null
log4j: Standard DocumentBuilderFactory search succeded.
log4j: DocumentBuilderFactory is: com.sun.org.apache.xerces.internal.jaxp.DocumentBuilderFactoryImpl
log4j: debug attribute= "true".
log4j: reset attribute= "false".
log4j: Threshold ="null".
log4j: Level value for root is  [INFO].
log4j: root level set to INFO
log4j: Class name: [org.apache.log4j.ConsoleAppender]
log4j: Parsing layout of class: "org.apache.log4j.PatternLayout"
log4j: Setting property [conversionPattern] to [%d{yyyy-MM-dd HH:mm:ss} %-5p %c{1}:%L - %m%n].
log4j: Adding appender named [console] to category [root].
log4j: Class name: [org.apache.log4j.RollingFileAppender]
log4j: Setting property [append] to [true].
log4j: Setting property [maxFileSize] to [10MB].
log4j: Setting property [maxBackupIndex] to [10].
log4j: Setting property [file] to [C:/Users/adars/workspace/POM_OCT_22/logs/myStruts1App.log].
log4j: Parsing layout of class: "org.apache.log4j.PatternLayout"
log4j: Setting property [conversionPattern] to [%d{yyyy-MM-dd HH:mm:ss} %-5p %c{1}:%L - %m%n].
log4j: setFile called: C:/Users/adars/workspace/POM_OCT_22/logs/myStruts1App.log, true
log4j: setFile ended
log4j: Adding appender named [file] to category [root].
2022-11-08 19:36:38 INFO  BasePage:69 - Waiting for the elementUsed
2022-11-08 19:36:38 INFO  BasePage:84 - C:\Users\adars\workspace\POM_OCT_22\screenshots\2022.11.08.19.36.38.png
2022-11-08 19:36:39 INFO  BasePage:69 - Waiting for the elementSearch
2022-11-08 19:36:39 INFO  BasePage:69 - Waiting for the elementSearch
2022-11-08 19:36:39 INFO  BasePage:84 - C:\Users\adars\workspace\POM_OCT_22\screenshots\2022.11.08.19.36.39.png
log4j: System property is :null
log4j: Standard DocumentBuilderFactory search succeded.
log4j: DocumentBuilderFactory is: com.sun.org.apache.xerces.internal.jaxp.DocumentBuilderFactoryImpl
log4j: debug attribute= "true".
log4j: reset attribute= "false".
log4j: Threshold ="null".
log4j: Level value for root is  [INFO].
log4j: root level set to INFO
log4j: Class name: [org.apache.log4j.ConsoleAppender]
log4j: Parsing layout of class: "org.apache.log4j.PatternLayout"
log4j: Setting property [conversionPattern] to [%d{yyyy-MM-dd HH:mm:ss} %-5p %c{1}:%L - %m%n].
log4j: Adding appender named [console] to category [root].
log4j: Class name: [org.apache.log4j.RollingFileAppender]
log4j: Setting property [append] to [true].
log4j: Setting property [maxFileSize] to [10MB].
log4j: Setting property [maxBackupIndex] to [10].
log4j: Setting property [file] to [C:/Users/adars/workspace/POM_OCT_22/logs/myStruts1App.log].
log4j: Parsing layout of class: "org.apache.log4j.PatternLayout"
log4j: Setting property [conversionPattern] to [%d{yyyy-MM-dd HH:mm:ss} %-5p %c{1}:%L - %m%n].
log4j: setFile called: C:/Users/adars/workspace/POM_OCT_22/logs/myStruts1App.log, true
log4j: setFile ended
log4j: Adding appender named [file] to category [root].
2022-11-08 19:36:43 INFO  BasePage:69 - Waiting for the elementBangalore, Karnataka
2022-11-08 19:36:43 INFO  BasePage:84 - C:\Users\adars\workspace\POM_OCT_22\screenshots\2022.11.08.19.36.43.png
</system-out>
    <system-err>Starting ChromeDriver 107.0.5304.62 (1eec40d3a5764881c92085aaee66d25075c159aa-refs/branch-heads/5304@{#942}) on port 48732
Only local connections are allowed.
Please see https://chromedriver.chromium.org/security-considerations for suggestions on keeping ChromeDriver safe.
ChromeDriver was started successfully.
Nov 08, 2022 7:36:34 PM org.openqa.selenium.remote.ProtocolHandshake createSession
INFO: Detected dialect: W3C
</system-err>
  </testcase>
  <testcase name="TC_HM_003_parameterizer" classname="testcases.TC_HM_003_parameterize" time="9.605">
    <failure message="Not matching expected [46] but found [49]" type="java.lang.AssertionError">java.lang.AssertionError: Not matching expected [46] but found [49]
	at org.testng.Assert.fail(Assert.java:110)
	at org.testng.Assert.failNotEquals(Assert.java:1413)
	at org.testng.Assert.assertEqualsImpl(Assert.java:149)
	at org.testng.Assert.assertEquals(Assert.java:131)
	at org.testng.Assert.assertEquals(Assert.java:1240)
	at pages.UsedCarPage.verifynoofbrands(UsedCarPage.java:39)
	at testcases.TC_HM_003_parameterize.TC_HM_003_parameterizer(TC_HM_003_parameterize.java:20)
</failure>
    <system-out>log4j: System property is :null
log4j: Standard DocumentBuilderFactory search succeded.
log4j: DocumentBuilderFactory is: com.sun.org.apache.xerces.internal.jaxp.DocumentBuilderFactoryImpl
log4j: debug attribute= "true".
log4j: reset attribute= "false".
log4j: Threshold ="null".
log4j: Level value for root is  [INFO].
log4j: root level set to INFO
log4j: Class name: [org.apache.log4j.ConsoleAppender]
log4j: Parsing layout of class: "org.apache.log4j.PatternLayout"
log4j: Setting property [conversionPattern] to [%d{yyyy-MM-dd HH:mm:ss} %-5p %c{1}:%L - %m%n].
log4j: Adding appender named [console] to category [root].
log4j: Class name: [org.apache.log4j.RollingFileAppender]
log4j: Setting property [append] to [true].
log4j: Setting property [maxFileSize] to [10MB].
log4j: Setting property [maxBackupIndex] to [10].
log4j: Setting property [file] to [C:/Users/adars/workspace/POM_OCT_22/logs/myStruts1App.log].
log4j: Parsing layout of class: "org.apache.log4j.PatternLayout"
log4j: Setting property [conversionPattern] to [%d{yyyy-MM-dd HH:mm:ss} %-5p %c{1}:%L - %m%n].
log4j: setFile called: C:/Users/adars/workspace/POM_OCT_22/logs/myStruts1App.log, true
log4j: setFile ended
log4j: Adding appender named [file] to category [root].
2022-11-08 19:36:49 INFO  BasePage:69 - Waiting for the elementUsed
2022-11-08 19:36:50 INFO  BasePage:84 - C:\Users\adars\workspace\POM_OCT_22\screenshots\2022.11.08.19.36.50.png
2022-11-08 19:36:50 INFO  BasePage:69 - Waiting for the elementSearch
2022-11-08 19:36:50 INFO  BasePage:69 - Waiting for the elementSearch
2022-11-08 19:36:51 INFO  BasePage:84 - C:\Users\adars\workspace\POM_OCT_22\screenshots\2022.11.08.19.36.51.png
log4j: System property is :null
log4j: Standard DocumentBuilderFactory search succeded.
log4j: DocumentBuilderFactory is: com.sun.org.apache.xerces.internal.jaxp.DocumentBuilderFactoryImpl
log4j: debug attribute= "true".
log4j: reset attribute= "false".
log4j: Threshold ="null".
log4j: Level value for root is  [INFO].
log4j: root level set to INFO
log4j: Class name: [org.apache.log4j.ConsoleAppender]
log4j: Parsing layout of class: "org.apache.log4j.PatternLayout"
log4j: Setting property [conversionPattern] to [%d{yyyy-MM-dd HH:mm:ss} %-5p %c{1}:%L - %m%n].
log4j: Adding appender named [console] to category [root].
log4j: Class name: [org.apache.log4j.RollingFileAppender]
log4j: Setting property [append] to [true].
log4j: Setting property [maxFileSize] to [10MB].
log4j: Setting property [maxBackupIndex] to [10].
log4j: Setting property [file] to [C:/Users/adars/workspace/POM_OCT_22/logs/myStruts1App.log].
log4j: Parsing layout of class: "org.apache.log4j.PatternLayout"
log4j: Setting property [conversionPattern] to [%d{yyyy-MM-dd HH:mm:ss} %-5p %c{1}:%L - %m%n].
log4j: setFile called: C:/Users/adars/workspace/POM_OCT_22/logs/myStruts1App.log, true
log4j: setFile ended
log4j: Adding appender named [file] to category [root].
2022-11-08 19:36:55 INFO  BasePage:69 - Waiting for the elementMumbai, Maharashtra
2022-11-08 19:36:55 INFO  BasePage:84 - C:\Users\adars\workspace\POM_OCT_22\screenshots\2022.11.08.19.36.55.png
</system-out>
    <system-err>Starting ChromeDriver 107.0.5304.62 (1eec40d3a5764881c92085aaee66d25075c159aa-refs/branch-heads/5304@{#942}) on port 46682
Only local connections are allowed.
Please see https://chromedriver.chromium.org/security-considerations for suggestions on keeping ChromeDriver safe.
ChromeDriver was started successfully.
Nov 08, 2022 7:36:46 PM org.openqa.selenium.remote.ProtocolHandshake createSession
INFO: Detected dialect: W3C
</system-err>
  </testcase>
  <testcase name="TC_HM_003_parameterize_excel" classname="testcases.TC_HM_003_parameterize_excel" time="8.749"/>
  <testcase name="TC_HM_003_parameterize_excel" classname="testcases.TC_HM_003_parameterize_excel" time="8.474"/>
  <testcase name="TC_HM_003_parameterize_excel" classname="testcases.TC_HM_003_parameterize_excel" time="9.175"/>
  <testcase name="TC_HM_003_parameterize_excel" classname="testcases.TC_HM_003_parameterize_excel" time="8.494"/>
  <testcase name="TC_HM_003_parameterize_excel" classname="testcases.TC_HM_003_parameterize_excel" time="7.735"/>
  <testcase name="TC_HM_003_parameterize_excel_util" classname="testcases.TC_HM_003_parameterize_excel_util" time="8.51"/>
  <testcase name="TC_HM_003_parameterize_excel_util" classname="testcases.TC_HM_003_parameterize_excel_util" time="7.891"/>
  <testcase name="TC_HM_003_parameterize_excel_util" classname="testcases.TC_HM_003_parameterize_excel_util" time="7.8"/>
  <testcase name="TC_HM_003_parameterize_excel_util" classname="testcases.TC_HM_003_parameterize_excel_util" time="8.28"/>
  <testcase name="TC_HM_003_parameterize_excel_util" classname="testcases.TC_HM_003_parameterize_excel_util" time="8.377"/>
  <testcase name="TC_HM_003_parameterize_excel_util1" classname="testcases.TC_HM_003_parameterize_excel_util1" time="8.776">
    <failure message="Not matching expected [46] but found [49]" type="java.lang.AssertionError">java.lang.AssertionError: Not matching expected [46] but found [49]
	at org.testng.Assert.fail(Assert.java:110)
	at org.testng.Assert.failNotEquals(Assert.java:1413)
	at org.testng.Assert.assertEqualsImpl(Assert.java:149)
	at org.testng.Assert.assertEquals(Assert.java:131)
	at org.testng.Assert.assertEquals(Assert.java:1240)
	at pages.UsedCarPage.verifynoofbrands(UsedCarPage.java:43)
	at testcases.TC_HM_003_parameterize_excel_util1.TC_HM_003_parameterize_excel_util1(TC_HM_003_parameterize_excel_util1.java:23)
</failure>
    <system-out>log4j: System property is :null
log4j: Standard DocumentBuilderFactory search succeded.
log4j: DocumentBuilderFactory is: com.sun.org.apache.xerces.internal.jaxp.DocumentBuilderFactoryImpl
log4j: debug attribute= "true".
log4j: reset attribute= "false".
log4j: Threshold ="null".
log4j: Level value for root is  [INFO].
log4j: root level set to INFO
log4j: Class name: [org.apache.log4j.ConsoleAppender]
log4j: Parsing layout of class: "org.apache.log4j.PatternLayout"
log4j: Setting property [conversionPattern] to [%d{yyyy-MM-dd HH:mm:ss} %-5p %c{1}:%L - %m%n].
log4j: Adding appender named [console] to category [root].
log4j: Class name: [org.apache.log4j.RollingFileAppender]
log4j: Setting property [append] to [true].
log4j: Setting property [maxFileSize] to [10MB].
log4j: Setting property [maxBackupIndex] to [10].
log4j: Setting property [file] to [C:/Users/adars/workspace/POM_OCT_22/logs/myStruts1App.log].
log4j: Parsing layout of class: "org.apache.log4j.PatternLayout"
log4j: Setting property [conversionPattern] to [%d{yyyy-MM-dd HH:mm:ss} %-5p %c{1}:%L - %m%n].
log4j: setFile called: C:/Users/adars/workspace/POM_OCT_22/logs/myStruts1App.log, true
log4j: setFile ended
log4j: Adding appender named [file] to category [root].
2022-11-08 19:39:01 INFO  BasePage:69 - Waiting for the elementUsed
2022-11-08 19:39:01 INFO  BasePage:84 - C:\Users\adars\workspace\POM_OCT_22\screenshots\2022.11.08.19.39.01.png
2022-11-08 19:39:02 INFO  BasePage:69 - Waiting for the elementSearch
2022-11-08 19:39:02 INFO  BasePage:69 - Waiting for the elementSearch
2022-11-08 19:39:03 INFO  BasePage:84 - C:\Users\adars\workspace\POM_OCT_22\screenshots\2022.11.08.19.39.02.png
log4j: System property is :null
log4j: Standard DocumentBuilderFactory search succeded.
log4j: DocumentBuilderFactory is: com.sun.org.apache.xerces.internal.jaxp.DocumentBuilderFactoryImpl
log4j: debug attribute= "true".
log4j: reset attribute= "false".
log4j: Threshold ="null".
log4j: Level value for root is  [INFO].
log4j: root level set to INFO
log4j: Class name: [org.apache.log4j.ConsoleAppender]
log4j: Parsing layout of class: "org.apache.log4j.PatternLayout"
log4j: Setting property [conversionPattern] to [%d{yyyy-MM-dd HH:mm:ss} %-5p %c{1}:%L - %m%n].
log4j: Adding appender named [console] to category [root].
log4j: Class name: [org.apache.log4j.RollingFileAppender]
log4j: Setting property [append] to [true].
log4j: Setting property [maxFileSize] to [10MB].
log4j: Setting property [maxBackupIndex] to [10].
log4j: Setting property [file] to [C:/Users/adars/workspace/POM_OCT_22/logs/myStruts1App.log].
log4j: Parsing layout of class: "org.apache.log4j.PatternLayout"
log4j: Setting property [conversionPattern] to [%d{yyyy-MM-dd HH:mm:ss} %-5p %c{1}:%L - %m%n].
log4j: setFile called: C:/Users/adars/workspace/POM_OCT_22/logs/myStruts1App.log, true
log4j: setFile ended
log4j: Adding appender named [file] to category [root].
2022-11-08 19:39:06 INFO  BasePage:69 - Waiting for the elementBangalore, Karnataka
2022-11-08 19:39:06 INFO  BasePage:84 - C:\Users\adars\workspace\POM_OCT_22\screenshots\2022.11.08.19.39.06.png
</system-out>
    <system-err>Starting ChromeDriver 107.0.5304.62 (1eec40d3a5764881c92085aaee66d25075c159aa-refs/branch-heads/5304@{#942}) on port 39144
Only local connections are allowed.
Please see https://chromedriver.chromium.org/security-considerations for suggestions on keeping ChromeDriver safe.
ChromeDriver was started successfully.
Nov 08, 2022 7:38:57 PM org.openqa.selenium.remote.ProtocolHandshake createSession
INFO: Detected dialect: W3C
</system-err>
  </testcase>
  <testcase name="TC_HM_003_parameterize_excel_util1" classname="testcases.TC_HM_003_parameterize_excel_util1" time="10.124">
    <failure message="Not matching expected [47] but found [49]" type="java.lang.AssertionError">java.lang.AssertionError: Not matching expected [47] but found [49]
	at org.testng.Assert.fail(Assert.java:110)
	at org.testng.Assert.failNotEquals(Assert.java:1413)
	at org.testng.Assert.assertEqualsImpl(Assert.java:149)
	at org.testng.Assert.assertEquals(Assert.java:131)
	at org.testng.Assert.assertEquals(Assert.java:1240)
	at pages.UsedCarPage.verifynoofbrands(UsedCarPage.java:43)
	at testcases.TC_HM_003_parameterize_excel_util1.TC_HM_003_parameterize_excel_util1(TC_HM_003_parameterize_excel_util1.java:23)
</failure>
    <system-out>log4j: System property is :null
log4j: Standard DocumentBuilderFactory search succeded.
log4j: DocumentBuilderFactory is: com.sun.org.apache.xerces.internal.jaxp.DocumentBuilderFactoryImpl
log4j: debug attribute= "true".
log4j: reset attribute= "false".
log4j: Threshold ="null".
log4j: Level value for root is  [INFO].
log4j: root level set to INFO
log4j: Class name: [org.apache.log4j.ConsoleAppender]
log4j: Parsing layout of class: "org.apache.log4j.PatternLayout"
log4j: Setting property [conversionPattern] to [%d{yyyy-MM-dd HH:mm:ss} %-5p %c{1}:%L - %m%n].
log4j: Adding appender named [console] to category [root].
log4j: Class name: [org.apache.log4j.RollingFileAppender]
log4j: Setting property [append] to [true].
log4j: Setting property [maxFileSize] to [10MB].
log4j: Setting property [maxBackupIndex] to [10].
log4j: Setting property [file] to [C:/Users/adars/workspace/POM_OCT_22/logs/myStruts1App.log].
log4j: Parsing layout of class: "org.apache.log4j.PatternLayout"
log4j: Setting property [conversionPattern] to [%d{yyyy-MM-dd HH:mm:ss} %-5p %c{1}:%L - %m%n].
log4j: setFile called: C:/Users/adars/workspace/POM_OCT_22/logs/myStruts1App.log, true
log4j: setFile ended
log4j: Adding appender named [file] to category [root].
2022-11-08 19:39:13 INFO  BasePage:69 - Waiting for the elementUsed
2022-11-08 19:39:14 INFO  BasePage:84 - C:\Users\adars\workspace\POM_OCT_22\screenshots\2022.11.08.19.39.14.png
2022-11-08 19:39:14 INFO  BasePage:69 - Waiting for the elementSearch
2022-11-08 19:39:14 INFO  BasePage:69 - Waiting for the elementSearch
2022-11-08 19:39:15 INFO  BasePage:84 - C:\Users\adars\workspace\POM_OCT_22\screenshots\2022.11.08.19.39.15.png
log4j: System property is :null
log4j: Standard DocumentBuilderFactory search succeded.
log4j: DocumentBuilderFactory is: com.sun.org.apache.xerces.internal.jaxp.DocumentBuilderFactoryImpl
log4j: debug attribute= "true".
log4j: reset attribute= "false".
log4j: Threshold ="null".
log4j: Level value for root is  [INFO].
log4j: root level set to INFO
log4j: Class name: [org.apache.log4j.ConsoleAppender]
log4j: Parsing layout of class: "org.apache.log4j.PatternLayout"
log4j: Setting property [conversionPattern] to [%d{yyyy-MM-dd HH:mm:ss} %-5p %c{1}:%L - %m%n].
log4j: Adding appender named [console] to category [root].
log4j: Class name: [org.apache.log4j.RollingFileAppender]
log4j: Setting property [append] to [true].
log4j: Setting property [maxFileSize] to [10MB].
log4j: Setting property [maxBackupIndex] to [10].
log4j: Setting property [file] to [C:/Users/adars/workspace/POM_OCT_22/logs/myStruts1App.log].
log4j: Parsing layout of class: "org.apache.log4j.PatternLayout"
log4j: Setting property [conversionPattern] to [%d{yyyy-MM-dd HH:mm:ss} %-5p %c{1}:%L - %m%n].
log4j: setFile called: C:/Users/adars/workspace/POM_OCT_22/logs/myStruts1App.log, true
log4j: setFile ended
log4j: Adding appender named [file] to category [root].
2022-11-08 19:39:20 INFO  BasePage:69 - Waiting for the elementMumbai, Maharashtra
2022-11-08 19:39:20 INFO  BasePage:84 - C:\Users\adars\workspace\POM_OCT_22\screenshots\2022.11.08.19.39.20.png
</system-out>
    <system-err>Starting ChromeDriver 107.0.5304.62 (1eec40d3a5764881c92085aaee66d25075c159aa-refs/branch-heads/5304@{#942}) on port 8038
Only local connections are allowed.
Please see https://chromedriver.chromium.org/security-considerations for suggestions on keeping ChromeDriver safe.
ChromeDriver was started successfully.
Nov 08, 2022 7:39:09 PM org.openqa.selenium.remote.ProtocolHandshake createSession
INFO: Detected dialect: W3C
</system-err>
  </testcase>
  <testcase name="TC_HM_003_parameterize_excel_util1" classname="testcases.TC_HM_003_parameterize_excel_util1" time="8.956">
    <failure message="Not matching expected [48] but found [49]" type="java.lang.AssertionError">java.lang.AssertionError: Not matching expected [48] but found [49]
	at org.testng.Assert.fail(Assert.java:110)
	at org.testng.Assert.failNotEquals(Assert.java:1413)
	at org.testng.Assert.assertEqualsImpl(Assert.java:149)
	at org.testng.Assert.assertEquals(Assert.java:131)
	at org.testng.Assert.assertEquals(Assert.java:1240)
	at pages.UsedCarPage.verifynoofbrands(UsedCarPage.java:43)
	at testcases.TC_HM_003_parameterize_excel_util1.TC_HM_003_parameterize_excel_util1(TC_HM_003_parameterize_excel_util1.java:23)
</failure>
    <system-out>log4j: System property is :null
log4j: Standard DocumentBuilderFactory search succeded.
log4j: DocumentBuilderFactory is: com.sun.org.apache.xerces.internal.jaxp.DocumentBuilderFactoryImpl
log4j: debug attribute= "true".
log4j: reset attribute= "false".
log4j: Threshold ="null".
log4j: Level value for root is  [INFO].
log4j: root level set to INFO
log4j: Class name: [org.apache.log4j.ConsoleAppender]
log4j: Parsing layout of class: "org.apache.log4j.PatternLayout"
log4j: Setting property [conversionPattern] to [%d{yyyy-MM-dd HH:mm:ss} %-5p %c{1}:%L - %m%n].
log4j: Adding appender named [console] to category [root].
log4j: Class name: [org.apache.log4j.RollingFileAppender]
log4j: Setting property [append] to [true].
log4j: Setting property [maxFileSize] to [10MB].
log4j: Setting property [maxBackupIndex] to [10].
log4j: Setting property [file] to [C:/Users/adars/workspace/POM_OCT_22/logs/myStruts1App.log].
log4j: Parsing layout of class: "org.apache.log4j.PatternLayout"
log4j: Setting property [conversionPattern] to [%d{yyyy-MM-dd HH:mm:ss} %-5p %c{1}:%L - %m%n].
log4j: setFile called: C:/Users/adars/workspace/POM_OCT_22/logs/myStruts1App.log, true
log4j: setFile ended
log4j: Adding appender named [file] to category [root].
2022-11-08 19:39:26 INFO  BasePage:69 - Waiting for the elementUsed
2022-11-08 19:39:27 INFO  BasePage:84 - C:\Users\adars\workspace\POM_OCT_22\screenshots\2022.11.08.19.39.27.png
2022-11-08 19:39:28 INFO  BasePage:69 - Waiting for the elementSearch
2022-11-08 19:39:28 INFO  BasePage:69 - Waiting for the elementSearch
2022-11-08 19:39:28 INFO  BasePage:84 - C:\Users\adars\workspace\POM_OCT_22\screenshots\2022.11.08.19.39.28.png
log4j: System property is :null
log4j: Standard DocumentBuilderFactory search succeded.
log4j: DocumentBuilderFactory is: com.sun.org.apache.xerces.internal.jaxp.DocumentBuilderFactoryImpl
log4j: debug attribute= "true".
log4j: reset attribute= "false".
log4j: Threshold ="null".
log4j: Level value for root is  [INFO].
log4j: root level set to INFO
log4j: Class name: [org.apache.log4j.ConsoleAppender]
log4j: Parsing layout of class: "org.apache.log4j.PatternLayout"
log4j: Setting property [conversionPattern] to [%d{yyyy-MM-dd HH:mm:ss} %-5p %c{1}:%L - %m%n].
log4j: Adding appender named [console] to category [root].
log4j: Class name: [org.apache.log4j.RollingFileAppender]
log4j: Setting property [append] to [true].
log4j: Setting property [maxFileSize] to [10MB].
log4j: Setting property [maxBackupIndex] to [10].
log4j: Setting property [file] to [C:/Users/adars/workspace/POM_OCT_22/logs/myStruts1App.log].
log4j: Parsing layout of class: "org.apache.log4j.PatternLayout"
log4j: Setting property [conversionPattern] to [%d{yyyy-MM-dd HH:mm:ss} %-5p %c{1}:%L - %m%n].
log4j: setFile called: C:/Users/adars/workspace/POM_OCT_22/logs/myStruts1App.log, true
log4j: setFile ended
log4j: Adding appender named [file] to category [root].
2022-11-08 19:39:32 INFO  BasePage:69 - Waiting for the elementChennai, Tamil Nadu
2022-11-08 19:39:32 INFO  BasePage:84 - C:\Users\adars\workspace\POM_OCT_22\screenshots\2022.11.08.19.39.32.png
</system-out>
    <system-err>Starting ChromeDriver 107.0.5304.62 (1eec40d3a5764881c92085aaee66d25075c159aa-refs/branch-heads/5304@{#942}) on port 48564
Only local connections are allowed.
Please see https://chromedriver.chromium.org/security-considerations for suggestions on keeping ChromeDriver safe.
ChromeDriver was started successfully.
Nov 08, 2022 7:39:22 PM org.openqa.selenium.remote.ProtocolHandshake createSession
INFO: Detected dialect: W3C
</system-err>
  </testcase>
  <testcase name="TC_HM_003_parameterize_excel_util1" classname="testcases.TC_HM_003_parameterize_excel_util1" time="8.113"/>
  <testcase name="TC_HM_003_parameterize_excel_util1" classname="testcases.TC_HM_003_parameterize_excel_util1" time="9.37">
    <failure message="Not matching expected [50] but found [49]" type="java.lang.AssertionError">java.lang.AssertionError: Not matching expected [50] but found [49]
	at org.testng.Assert.fail(Assert.java:110)
	at org.testng.Assert.failNotEquals(Assert.java:1413)
	at org.testng.Assert.assertEqualsImpl(Assert.java:149)
	at org.testng.Assert.assertEquals(Assert.java:131)
	at org.testng.Assert.assertEquals(Assert.java:1240)
	at pages.UsedCarPage.verifynoofbrands(UsedCarPage.java:43)
	at testcases.TC_HM_003_parameterize_excel_util1.TC_HM_003_parameterize_excel_util1(TC_HM_003_parameterize_excel_util1.java:23)
</failure>
    <system-out>log4j: System property is :null
log4j: Standard DocumentBuilderFactory search succeded.
log4j: DocumentBuilderFactory is: com.sun.org.apache.xerces.internal.jaxp.DocumentBuilderFactoryImpl
log4j: debug attribute= "true".
log4j: reset attribute= "false".
log4j: Threshold ="null".
log4j: Level value for root is  [INFO].
log4j: root level set to INFO
log4j: Class name: [org.apache.log4j.ConsoleAppender]
log4j: Parsing layout of class: "org.apache.log4j.PatternLayout"
log4j: Setting property [conversionPattern] to [%d{yyyy-MM-dd HH:mm:ss} %-5p %c{1}:%L - %m%n].
log4j: Adding appender named [console] to category [root].
log4j: Class name: [org.apache.log4j.RollingFileAppender]
log4j: Setting property [append] to [true].
log4j: Setting property [maxFileSize] to [10MB].
log4j: Setting property [maxBackupIndex] to [10].
log4j: Setting property [file] to [C:/Users/adars/workspace/POM_OCT_22/logs/myStruts1App.log].
log4j: Parsing layout of class: "org.apache.log4j.PatternLayout"
log4j: Setting property [conversionPattern] to [%d{yyyy-MM-dd HH:mm:ss} %-5p %c{1}:%L - %m%n].
log4j: setFile called: C:/Users/adars/workspace/POM_OCT_22/logs/myStruts1App.log, true
log4j: setFile ended
log4j: Adding appender named [file] to category [root].
2022-11-08 19:40:11 INFO  BasePage:69 - Waiting for the elementUsed
2022-11-08 19:40:12 INFO  BasePage:84 - C:\Users\adars\workspace\POM_OCT_22\screenshots\2022.11.08.19.40.12.png
2022-11-08 19:40:12 INFO  BasePage:69 - Waiting for the elementSearch
2022-11-08 19:40:13 INFO  BasePage:69 - Waiting for the elementSearch
2022-11-08 19:40:13 INFO  BasePage:84 - C:\Users\adars\workspace\POM_OCT_22\screenshots\2022.11.08.19.40.13.png
log4j: System property is :null
log4j: Standard DocumentBuilderFactory search succeded.
log4j: DocumentBuilderFactory is: com.sun.org.apache.xerces.internal.jaxp.DocumentBuilderFactoryImpl
log4j: debug attribute= "true".
log4j: reset attribute= "false".
log4j: Threshold ="null".
log4j: Level value for root is  [INFO].
log4j: root level set to INFO
log4j: Class name: [org.apache.log4j.ConsoleAppender]
log4j: Parsing layout of class: "org.apache.log4j.PatternLayout"
log4j: Setting property [conversionPattern] to [%d{yyyy-MM-dd HH:mm:ss} %-5p %c{1}:%L - %m%n].
log4j: Adding appender named [console] to category [root].
log4j: Class name: [org.apache.log4j.RollingFileAppender]
log4j: Setting property [append] to [true].
log4j: Setting property [maxFileSize] to [10MB].
log4j: Setting property [maxBackupIndex] to [10].
log4j: Setting property [file] to [C:/Users/adars/workspace/POM_OCT_22/logs/myStruts1App.log].
log4j: Parsing layout of class: "org.apache.log4j.PatternLayout"
log4j: Setting property [conversionPattern] to [%d{yyyy-MM-dd HH:mm:ss} %-5p %c{1}:%L - %m%n].
log4j: setFile called: C:/Users/adars/workspace/POM_OCT_22/logs/myStruts1App.log, true
log4j: setFile ended
log4j: Adding appender named [file] to category [root].
2022-11-08 19:40:17 INFO  BasePage:69 - Waiting for the elementDelhi, Delhi
2022-11-08 19:40:17 INFO  BasePage:84 - C:\Users\adars\workspace\POM_OCT_22\screenshots\2022.11.08.19.40.17.png
</system-out>
    <system-err>Starting ChromeDriver 107.0.5304.62 (1eec40d3a5764881c92085aaee66d25075c159aa-refs/branch-heads/5304@{#942}) on port 10365
Only local connections are allowed.
Please see https://chromedriver.chromium.org/security-considerations for suggestions on keeping ChromeDriver safe.
ChromeDriver was started successfully.
Nov 08, 2022 7:39:46 PM org.openqa.selenium.remote.ProtocolHandshake createSession
INFO: Detected dialect: W3C
</system-err>
  </testcase>
  <testcase name="TC_HM_003_parameterize_dbfetch_util" classname="testcases.dbconnector" time="8.846">
    <failure message="Not matching expected [31] but found [49]" type="java.lang.AssertionError">java.lang.AssertionError: Not matching expected [31] but found [49]
	at org.testng.Assert.fail(Assert.java:110)
	at org.testng.Assert.failNotEquals(Assert.java:1413)
	at org.testng.Assert.assertEqualsImpl(Assert.java:149)
	at org.testng.Assert.assertEquals(Assert.java:131)
	at org.testng.Assert.assertEquals(Assert.java:1240)
	at pages.UsedCarPage.verifynoofbrands(UsedCarPage.java:43)
	at testcases.dbconnector.TC_HM_003_parameterize_dbfetch_util(dbconnector.java:20)
</failure>
    <system-out>log4j: System property is :null
log4j: Standard DocumentBuilderFactory search succeded.
log4j: DocumentBuilderFactory is: com.sun.org.apache.xerces.internal.jaxp.DocumentBuilderFactoryImpl
log4j: debug attribute= "true".
log4j: reset attribute= "false".
log4j: Threshold ="null".
log4j: Level value for root is  [INFO].
log4j: root level set to INFO
log4j: Class name: [org.apache.log4j.ConsoleAppender]
log4j: Parsing layout of class: "org.apache.log4j.PatternLayout"
log4j: Setting property [conversionPattern] to [%d{yyyy-MM-dd HH:mm:ss} %-5p %c{1}:%L - %m%n].
log4j: Adding appender named [console] to category [root].
log4j: Class name: [org.apache.log4j.RollingFileAppender]
log4j: Setting property [append] to [true].
log4j: Setting property [maxFileSize] to [10MB].
log4j: Setting property [maxBackupIndex] to [10].
log4j: Setting property [file] to [C:/Users/adars/workspace/POM_OCT_22/logs/myStruts1App.log].
log4j: Parsing layout of class: "org.apache.log4j.PatternLayout"
log4j: Setting property [conversionPattern] to [%d{yyyy-MM-dd HH:mm:ss} %-5p %c{1}:%L - %m%n].
log4j: setFile called: C:/Users/adars/workspace/POM_OCT_22/logs/myStruts1App.log, true
log4j: setFile ended
log4j: Adding appender named [file] to category [root].
2022-11-08 19:40:46 INFO  BasePage:69 - Waiting for the elementUsed
2022-11-08 19:40:47 INFO  BasePage:84 - C:\Users\adars\workspace\POM_OCT_22\screenshots\2022.11.08.19.40.47.png
2022-11-08 19:40:47 INFO  BasePage:69 - Waiting for the elementSearch
2022-11-08 19:40:47 INFO  BasePage:69 - Waiting for the elementSearch
2022-11-08 19:40:48 INFO  BasePage:84 - C:\Users\adars\workspace\POM_OCT_22\screenshots\2022.11.08.19.40.48.png
log4j: System property is :null
log4j: Standard DocumentBuilderFactory search succeded.
log4j: DocumentBuilderFactory is: com.sun.org.apache.xerces.internal.jaxp.DocumentBuilderFactoryImpl
log4j: debug attribute= "true".
log4j: reset attribute= "false".
log4j: Threshold ="null".
log4j: Level value for root is  [INFO].
log4j: root level set to INFO
log4j: Class name: [org.apache.log4j.ConsoleAppender]
log4j: Parsing layout of class: "org.apache.log4j.PatternLayout"
log4j: Setting property [conversionPattern] to [%d{yyyy-MM-dd HH:mm:ss} %-5p %c{1}:%L - %m%n].
log4j: Adding appender named [console] to category [root].
log4j: Class name: [org.apache.log4j.RollingFileAppender]
log4j: Setting property [append] to [true].
log4j: Setting property [maxFileSize] to [10MB].
log4j: Setting property [maxBackupIndex] to [10].
log4j: Setting property [file] to [C:/Users/adars/workspace/POM_OCT_22/logs/myStruts1App.log].
log4j: Parsing layout of class: "org.apache.log4j.PatternLayout"
log4j: Setting property [conversionPattern] to [%d{yyyy-MM-dd HH:mm:ss} %-5p %c{1}:%L - %m%n].
log4j: setFile called: C:/Users/adars/workspace/POM_OCT_22/logs/myStruts1App.log, true
log4j: setFile ended
log4j: Adding appender named [file] to category [root].
2022-11-08 19:40:52 INFO  BasePage:69 - Waiting for the elementBangalore, Karnataka
2022-11-08 19:40:52 INFO  BasePage:84 - C:\Users\adars\workspace\POM_OCT_22\screenshots\2022.11.08.19.40.52.png
</system-out>
    <system-err>Starting ChromeDriver 107.0.5304.62 (1eec40d3a5764881c92085aaee66d25075c159aa-refs/branch-heads/5304@{#942}) on port 47179
Only local connections are allowed.
Please see https://chromedriver.chromium.org/security-considerations for suggestions on keeping ChromeDriver safe.
ChromeDriver was started successfully.
Nov 08, 2022 7:40:21 PM org.openqa.selenium.remote.ProtocolHandshake createSession
INFO: Detected dialect: W3C
</system-err>
  </testcase>
  <testcase name="TC_HM_003_parameterize_dbfetch_util" classname="testcases.dbconnector" time="15.764">
    <failure message="Not matching expected [32] but found [49]" type="java.lang.AssertionError">java.lang.AssertionError: Not matching expected [32] but found [49]
	at org.testng.Assert.fail(Assert.java:110)
	at org.testng.Assert.failNotEquals(Assert.java:1413)
	at org.testng.Assert.assertEqualsImpl(Assert.java:149)
	at org.testng.Assert.assertEquals(Assert.java:131)
	at org.testng.Assert.assertEquals(Assert.java:1240)
	at pages.UsedCarPage.verifynoofbrands(UsedCarPage.java:43)
	at testcases.dbconnector.TC_HM_003_parameterize_dbfetch_util(dbconnector.java:20)
</failure>
    <system-out>log4j: System property is :null
log4j: Standard DocumentBuilderFactory search succeded.
log4j: DocumentBuilderFactory is: com.sun.org.apache.xerces.internal.jaxp.DocumentBuilderFactoryImpl
log4j: debug attribute= "true".
log4j: reset attribute= "false".
log4j: Threshold ="null".
log4j: Level value for root is  [INFO].
log4j: root level set to INFO
log4j: Class name: [org.apache.log4j.ConsoleAppender]
log4j: Parsing layout of class: "org.apache.log4j.PatternLayout"
log4j: Setting property [conversionPattern] to [%d{yyyy-MM-dd HH:mm:ss} %-5p %c{1}:%L - %m%n].
log4j: Adding appender named [console] to category [root].
log4j: Class name: [org.apache.log4j.RollingFileAppender]
log4j: Setting property [append] to [true].
log4j: Setting property [maxFileSize] to [10MB].
log4j: Setting property [maxBackupIndex] to [10].
log4j: Setting property [file] to [C:/Users/adars/workspace/POM_OCT_22/logs/myStruts1App.log].
log4j: Parsing layout of class: "org.apache.log4j.PatternLayout"
log4j: Setting property [conversionPattern] to [%d{yyyy-MM-dd HH:mm:ss} %-5p %c{1}:%L - %m%n].
log4j: setFile called: C:/Users/adars/workspace/POM_OCT_22/logs/myStruts1App.log, true
log4j: setFile ended
log4j: Adding appender named [file] to category [root].
2022-11-08 19:41:20 INFO  BasePage:69 - Waiting for the elementUsed
2022-11-08 19:41:20 INFO  BasePage:84 - C:\Users\adars\workspace\POM_OCT_22\screenshots\2022.11.08.19.41.20.png
2022-11-08 19:41:21 INFO  BasePage:69 - Waiting for the elementSearch
2022-11-08 19:41:21 INFO  BasePage:69 - Waiting for the elementSearch
2022-11-08 19:41:21 INFO  BasePage:84 - C:\Users\adars\workspace\POM_OCT_22\screenshots\2022.11.08.19.41.21.png
log4j: System property is :null
log4j: Standard DocumentBuilderFactory search succeded.
log4j: DocumentBuilderFactory is: com.sun.org.apache.xerces.internal.jaxp.DocumentBuilderFactoryImpl
log4j: debug attribute= "true".
log4j: reset attribute= "false".
log4j: Threshold ="null".
log4j: Level value for root is  [INFO].
log4j: root level set to INFO
log4j: Class name: [org.apache.log4j.ConsoleAppender]
log4j: Parsing layout of class: "org.apache.log4j.PatternLayout"
log4j: Setting property [conversionPattern] to [%d{yyyy-MM-dd HH:mm:ss} %-5p %c{1}:%L - %m%n].
log4j: Adding appender named [console] to category [root].
log4j: Class name: [org.apache.log4j.RollingFileAppender]
log4j: Setting property [append] to [true].
log4j: Setting property [maxFileSize] to [10MB].
log4j: Setting property [maxBackupIndex] to [10].
log4j: Setting property [file] to [C:/Users/adars/workspace/POM_OCT_22/logs/myStruts1App.log].
log4j: Parsing layout of class: "org.apache.log4j.PatternLayout"
log4j: Setting property [conversionPattern] to [%d{yyyy-MM-dd HH:mm:ss} %-5p %c{1}:%L - %m%n].
log4j: setFile called: C:/Users/adars/workspace/POM_OCT_22/logs/myStruts1App.log, true
log4j: setFile ended
log4j: Adding appender named [file] to category [root].
2022-11-08 19:41:32 INFO  BasePage:69 - Waiting for the elementHassan, Karnataka
2022-11-08 19:41:32 INFO  BasePage:84 - C:\Users\adars\workspace\POM_OCT_22\screenshots\2022.11.08.19.41.32.png
</system-out>
    <system-err>Starting ChromeDriver 107.0.5304.62 (1eec40d3a5764881c92085aaee66d25075c159aa-refs/branch-heads/5304@{#942}) on port 12276
Only local connections are allowed.
Please see https://chromedriver.chromium.org/security-considerations for suggestions on keeping ChromeDriver safe.
ChromeDriver was started successfully.
Nov 08, 2022 7:40:54 PM org.openqa.selenium.remote.ProtocolHandshake createSession
INFO: Detected dialect: W3C
</system-err>
  </testcase>
  <testcase name="TC_HM_003_parameterize_dbfetch_util" classname="testcases.dbconnector" time="8.707">
    <failure message="Not matching expected [28] but found [49]" type="java.lang.AssertionError">java.lang.AssertionError: Not matching expected [28] but found [49]
	at org.testng.Assert.fail(Assert.java:110)
	at org.testng.Assert.failNotEquals(Assert.java:1413)
	at org.testng.Assert.assertEqualsImpl(Assert.java:149)
	at org.testng.Assert.assertEquals(Assert.java:131)
	at org.testng.Assert.assertEquals(Assert.java:1240)
	at pages.UsedCarPage.verifynoofbrands(UsedCarPage.java:43)
	at testcases.dbconnector.TC_HM_003_parameterize_dbfetch_util(dbconnector.java:20)
</failure>
    <system-out>log4j: System property is :null
log4j: Standard DocumentBuilderFactory search succeded.
log4j: DocumentBuilderFactory is: com.sun.org.apache.xerces.internal.jaxp.DocumentBuilderFactoryImpl
log4j: debug attribute= "true".
log4j: reset attribute= "false".
log4j: Threshold ="null".
log4j: Level value for root is  [INFO].
log4j: root level set to INFO
log4j: Class name: [org.apache.log4j.ConsoleAppender]
log4j: Parsing layout of class: "org.apache.log4j.PatternLayout"
log4j: Setting property [conversionPattern] to [%d{yyyy-MM-dd HH:mm:ss} %-5p %c{1}:%L - %m%n].
log4j: Adding appender named [console] to category [root].
log4j: Class name: [org.apache.log4j.RollingFileAppender]
log4j: Setting property [append] to [true].
log4j: Setting property [maxFileSize] to [10MB].
log4j: Setting property [maxBackupIndex] to [10].
log4j: Setting property [file] to [C:/Users/adars/workspace/POM_OCT_22/logs/myStruts1App.log].
log4j: Parsing layout of class: "org.apache.log4j.PatternLayout"
log4j: Setting property [conversionPattern] to [%d{yyyy-MM-dd HH:mm:ss} %-5p %c{1}:%L - %m%n].
log4j: setFile called: C:/Users/adars/workspace/POM_OCT_22/logs/myStruts1App.log, true
log4j: setFile ended
log4j: Adding appender named [file] to category [root].
2022-11-08 19:42:00 INFO  BasePage:69 - Waiting for the elementUsed
2022-11-08 19:42:01 INFO  BasePage:84 - C:\Users\adars\workspace\POM_OCT_22\screenshots\2022.11.08.19.42.01.png
2022-11-08 19:42:01 INFO  BasePage:69 - Waiting for the elementSearch
2022-11-08 19:42:01 INFO  BasePage:69 - Waiting for the elementSearch
2022-11-08 19:42:02 INFO  BasePage:84 - C:\Users\adars\workspace\POM_OCT_22\screenshots\2022.11.08.19.42.02.png
log4j: System property is :null
log4j: Standard DocumentBuilderFactory search succeded.
log4j: DocumentBuilderFactory is: com.sun.org.apache.xerces.internal.jaxp.DocumentBuilderFactoryImpl
log4j: debug attribute= "true".
log4j: reset attribute= "false".
log4j: Threshold ="null".
log4j: Level value for root is  [INFO].
log4j: root level set to INFO
log4j: Class name: [org.apache.log4j.ConsoleAppender]
log4j: Parsing layout of class: "org.apache.log4j.PatternLayout"
log4j: Setting property [conversionPattern] to [%d{yyyy-MM-dd HH:mm:ss} %-5p %c{1}:%L - %m%n].
log4j: Adding appender named [console] to category [root].
log4j: Class name: [org.apache.log4j.RollingFileAppender]
log4j: Setting property [append] to [true].
log4j: Setting property [maxFileSize] to [10MB].
log4j: Setting property [maxBackupIndex] to [10].
log4j: Setting property [file] to [C:/Users/adars/workspace/POM_OCT_22/logs/myStruts1App.log].
log4j: Parsing layout of class: "org.apache.log4j.PatternLayout"
log4j: Setting property [conversionPattern] to [%d{yyyy-MM-dd HH:mm:ss} %-5p %c{1}:%L - %m%n].
log4j: setFile called: C:/Users/adars/workspace/POM_OCT_22/logs/myStruts1App.log, true
log4j: setFile ended
log4j: Adding appender named [file] to category [root].
2022-11-08 19:42:06 INFO  BasePage:69 - Waiting for the elementMysore, Karnataka
2022-11-08 19:42:06 INFO  BasePage:84 - C:\Users\adars\workspace\POM_OCT_22\screenshots\2022.11.08.19.42.06.png
</system-out>
    <system-err>Starting ChromeDriver 107.0.5304.62 (1eec40d3a5764881c92085aaee66d25075c159aa-refs/branch-heads/5304@{#942}) on port 47222
Only local connections are allowed.
Please see https://chromedriver.chromium.org/security-considerations for suggestions on keeping ChromeDriver safe.
ChromeDriver was started successfully.
Nov 08, 2022 7:41:35 PM org.openqa.selenium.remote.ProtocolHandshake createSession
INFO: Detected dialect: W3C
</system-err>
  </testcase>
  <testcase name="TC_HM_003_parameterize_dbfetch_util" classname="testcases.dbconnector" time="9.979">
    <failure message="Not matching expected [31] but found [49]" type="java.lang.AssertionError">java.lang.AssertionError: Not matching expected [31] but found [49]
	at org.testng.Assert.fail(Assert.java:110)
	at org.testng.Assert.failNotEquals(Assert.java:1413)
	at org.testng.Assert.assertEqualsImpl(Assert.java:149)
	at org.testng.Assert.assertEquals(Assert.java:131)
	at org.testng.Assert.assertEquals(Assert.java:1240)
	at pages.UsedCarPage.verifynoofbrands(UsedCarPage.java:43)
	at testcases.dbconnector.TC_HM_003_parameterize_dbfetch_util(dbconnector.java:20)
</failure>
    <system-out>log4j: System property is :null
log4j: Standard DocumentBuilderFactory search succeded.
log4j: DocumentBuilderFactory is: com.sun.org.apache.xerces.internal.jaxp.DocumentBuilderFactoryImpl
log4j: debug attribute= "true".
log4j: reset attribute= "false".
log4j: Threshold ="null".
log4j: Level value for root is  [INFO].
log4j: root level set to INFO
log4j: Class name: [org.apache.log4j.ConsoleAppender]
log4j: Parsing layout of class: "org.apache.log4j.PatternLayout"
log4j: Setting property [conversionPattern] to [%d{yyyy-MM-dd HH:mm:ss} %-5p %c{1}:%L - %m%n].
log4j: Adding appender named [console] to category [root].
log4j: Class name: [org.apache.log4j.RollingFileAppender]
log4j: Setting property [append] to [true].
log4j: Setting property [maxFileSize] to [10MB].
log4j: Setting property [maxBackupIndex] to [10].
log4j: Setting property [file] to [C:/Users/adars/workspace/POM_OCT_22/logs/myStruts1App.log].
log4j: Parsing layout of class: "org.apache.log4j.PatternLayout"
log4j: Setting property [conversionPattern] to [%d{yyyy-MM-dd HH:mm:ss} %-5p %c{1}:%L - %m%n].
log4j: setFile called: C:/Users/adars/workspace/POM_OCT_22/logs/myStruts1App.log, true
log4j: setFile ended
log4j: Adding appender named [file] to category [root].
2022-11-08 19:42:13 INFO  BasePage:69 - Waiting for the elementUsed
2022-11-08 19:42:13 INFO  BasePage:84 - C:\Users\adars\workspace\POM_OCT_22\screenshots\2022.11.08.19.42.13.png
2022-11-08 19:42:14 INFO  BasePage:69 - Waiting for the elementSearch
2022-11-08 19:42:14 INFO  BasePage:69 - Waiting for the elementSearch
2022-11-08 19:42:15 INFO  BasePage:84 - C:\Users\adars\workspace\POM_OCT_22\screenshots\2022.11.08.19.42.15.png
log4j: System property is :null
log4j: Standard DocumentBuilderFactory search succeded.
log4j: DocumentBuilderFactory is: com.sun.org.apache.xerces.internal.jaxp.DocumentBuilderFactoryImpl
log4j: debug attribute= "true".
log4j: reset attribute= "false".
log4j: Threshold ="null".
log4j: Level value for root is  [INFO].
log4j: root level set to INFO
log4j: Class name: [org.apache.log4j.ConsoleAppender]
log4j: Parsing layout of class: "org.apache.log4j.PatternLayout"
log4j: Setting property [conversionPattern] to [%d{yyyy-MM-dd HH:mm:ss} %-5p %c{1}:%L - %m%n].
log4j: Adding appender named [console] to category [root].
log4j: Class name: [org.apache.log4j.RollingFileAppender]
log4j: Setting property [append] to [true].
log4j: Setting property [maxFileSize] to [10MB].
log4j: Setting property [maxBackupIndex] to [10].
log4j: Setting property [file] to [C:/Users/adars/workspace/POM_OCT_22/logs/myStruts1App.log].
log4j: Parsing layout of class: "org.apache.log4j.PatternLayout"
log4j: Setting property [conversionPattern] to [%d{yyyy-MM-dd HH:mm:ss} %-5p %c{1}:%L - %m%n].
log4j: setFile called: C:/Users/adars/workspace/POM_OCT_22/logs/myStruts1App.log, true
log4j: setFile ended
log4j: Adding appender named [file] to category [root].
2022-11-08 19:42:19 INFO  BasePage:69 - Waiting for the elementMangalore, Karnataka
2022-11-08 19:42:19 INFO  BasePage:84 - C:\Users\adars\workspace\POM_OCT_22\screenshots\2022.11.08.19.42.19.png
</system-out>
    <system-err>Starting ChromeDriver 107.0.5304.62 (1eec40d3a5764881c92085aaee66d25075c159aa-refs/branch-heads/5304@{#942}) on port 27225
Only local connections are allowed.
Please see https://chromedriver.chromium.org/security-considerations for suggestions on keeping ChromeDriver safe.
ChromeDriver was started successfully.
Nov 08, 2022 7:42:08 PM org.openqa.selenium.remote.ProtocolHandshake createSession
INFO: Detected dialect: W3C
</system-err>
  </testcase>
  <testcase name="TC_HM_003_parameterize_dbfetch_util" classname="testcases.dbconnector" time="8.95">
    <failure message="Not matching expected [35] but found [49]" type="java.lang.AssertionError">java.lang.AssertionError: Not matching expected [35] but found [49]
	at org.testng.Assert.fail(Assert.java:110)
	at org.testng.Assert.failNotEquals(Assert.java:1413)
	at org.testng.Assert.assertEqualsImpl(Assert.java:149)
	at org.testng.Assert.assertEquals(Assert.java:131)
	at org.testng.Assert.assertEquals(Assert.java:1240)
	at pages.UsedCarPage.verifynoofbrands(UsedCarPage.java:43)
	at testcases.dbconnector.TC_HM_003_parameterize_dbfetch_util(dbconnector.java:20)
</failure>
    <system-out>log4j: System property is :null
log4j: Standard DocumentBuilderFactory search succeded.
log4j: DocumentBuilderFactory is: com.sun.org.apache.xerces.internal.jaxp.DocumentBuilderFactoryImpl
log4j: debug attribute= "true".
log4j: reset attribute= "false".
log4j: Threshold ="null".
log4j: Level value for root is  [INFO].
log4j: root level set to INFO
log4j: Class name: [org.apache.log4j.ConsoleAppender]
log4j: Parsing layout of class: "org.apache.log4j.PatternLayout"
log4j: Setting property [conversionPattern] to [%d{yyyy-MM-dd HH:mm:ss} %-5p %c{1}:%L - %m%n].
log4j: Adding appender named [console] to category [root].
log4j: Class name: [org.apache.log4j.RollingFileAppender]
log4j: Setting property [append] to [true].
log4j: Setting property [maxFileSize] to [10MB].
log4j: Setting property [maxBackupIndex] to [10].
log4j: Setting property [file] to [C:/Users/adars/workspace/POM_OCT_22/logs/myStruts1App.log].
log4j: Parsing layout of class: "org.apache.log4j.PatternLayout"
log4j: Setting property [conversionPattern] to [%d{yyyy-MM-dd HH:mm:ss} %-5p %c{1}:%L - %m%n].
log4j: setFile called: C:/Users/adars/workspace/POM_OCT_22/logs/myStruts1App.log, true
log4j: setFile ended
log4j: Adding appender named [file] to category [root].
2022-11-08 19:42:26 INFO  BasePage:69 - Waiting for the elementUsed
2022-11-08 19:42:27 INFO  BasePage:84 - C:\Users\adars\workspace\POM_OCT_22\screenshots\2022.11.08.19.42.27.png
2022-11-08 19:42:27 INFO  BasePage:69 - Waiting for the elementSearch
2022-11-08 19:42:27 INFO  BasePage:69 - Waiting for the elementSearch
2022-11-08 19:42:28 INFO  BasePage:84 - C:\Users\adars\workspace\POM_OCT_22\screenshots\2022.11.08.19.42.28.png
log4j: System property is :null
log4j: Standard DocumentBuilderFactory search succeded.
log4j: DocumentBuilderFactory is: com.sun.org.apache.xerces.internal.jaxp.DocumentBuilderFactoryImpl
log4j: debug attribute= "true".
log4j: reset attribute= "false".
log4j: Threshold ="null".
log4j: Level value for root is  [INFO].
log4j: root level set to INFO
log4j: Class name: [org.apache.log4j.ConsoleAppender]
log4j: Parsing layout of class: "org.apache.log4j.PatternLayout"
log4j: Setting property [conversionPattern] to [%d{yyyy-MM-dd HH:mm:ss} %-5p %c{1}:%L - %m%n].
log4j: Adding appender named [console] to category [root].
log4j: Class name: [org.apache.log4j.RollingFileAppender]
log4j: Setting property [append] to [true].
log4j: Setting property [maxFileSize] to [10MB].
log4j: Setting property [maxBackupIndex] to [10].
log4j: Setting property [file] to [C:/Users/adars/workspace/POM_OCT_22/logs/myStruts1App.log].
log4j: Parsing layout of class: "org.apache.log4j.PatternLayout"
log4j: Setting property [conversionPattern] to [%d{yyyy-MM-dd HH:mm:ss} %-5p %c{1}:%L - %m%n].
log4j: setFile called: C:/Users/adars/workspace/POM_OCT_22/logs/myStruts1App.log, true
log4j: setFile ended
log4j: Adding appender named [file] to category [root].
2022-11-08 19:42:31 INFO  BasePage:69 - Waiting for the elementDurgaPur, West Bengal
2022-11-08 19:42:32 INFO  BasePage:84 - C:\Users\adars\workspace\POM_OCT_22\screenshots\2022.11.08.19.42.32.png
</system-out>
    <system-err>Starting ChromeDriver 107.0.5304.62 (1eec40d3a5764881c92085aaee66d25075c159aa-refs/branch-heads/5304@{#942}) on port 29746
Only local connections are allowed.
Please see https://chromedriver.chromium.org/security-considerations for suggestions on keeping ChromeDriver safe.
ChromeDriver was started successfully.
Nov 08, 2022 7:42:22 PM org.openqa.selenium.remote.ProtocolHandshake createSession
INFO: Detected dialect: W3C
</system-err>
  </testcase>
  <testcase name="TC_HM_003_parameterize_dbfetch_util" classname="testcases.dbconnector" time="8.251"/>
</testsuite>