<?xml version="1.0" encoding="UTF-8"?>
<!-- Generated by org.testng.reporters.JUnitReportReporter -->
<testsuite skipped="0" hostname="DESKTOP-7QOC93L" name="testcases.TC_HM_003_parameterize_excel_util" tests="5" failures="0" timestamp="2022-11-08T14:50:20 IST" time="183.079" errors="0">
  <testcase name="TC_HM_003_parameterize_excel_util" time="39.742" classname="testcases.TC_HM_003_parameterize_excel_util"/>
  <system-out/>
  <testcase name="TC_HM_003_parameterize_excel_util" time="46.084" classname="testcases.TC_HM_003_parameterize_excel_util"/>
  <system-out/>
  <testcase name="TC_HM_003_parameterize_excel_util" time="20.921" classname="testcases.TC_HM_003_parameterize_excel_util"/>
  <system-out/>
  <testcase name="TC_HM_003_parameterize_excel_util" time="36.777" classname="testcases.TC_HM_003_parameterize_excel_util"/>
  <system-out/>
  <testcase name="TC_HM_003_parameterize_excel_util" time="39.555" classname="testcases.TC_HM_003_parameterize_excel_util"/>
  <system-out/>
</testsuite> <!-- testcases.TC_HM_003_parameterize_excel_util -->
