<?xml version="1.0" encoding="UTF-8"?>
<!-- Generated by org.testng.reporters.JUnitReportReporter -->
<testsuite skipped="1" hostname="DESKTOP-7QOC93L" name="testcases.TC_HM_003_parameterize_excel" tests="6" failures="0" timestamp="2022-11-08T12:57:41 IST" time="427.422" errors="0">
  <testcase name="TC_HM_003_parameterize_excel" time="22.898" classname="testcases.TC_HM_003_parameterize_excel"/>
  <system-out/>
  <testcase name="TC_HM_003_parameterize_excel" time="37.584" classname="testcases.TC_HM_003_parameterize_excel"/>
  <system-out/>
  <testcase name="TC_HM_003_parameterize_excel" time="10.167" classname="testcases.TC_HM_003_parameterize_excel"/>
  <system-out/>
  <testcase name="TC_HM_003_parameterize_excel" time="307.727" classname="testcases.TC_HM_003_parameterize_excel">
    <skipped/>
  </testcase> <!-- TC_HM_003_parameterize_excel -->
  <system-out/>
  <testcase name="TC_HM_003_parameterize_excel" time="9.945" classname="testcases.TC_HM_003_parameterize_excel"/>
  <system-out/>
  <testcase name="TC_HM_003_parameterize_excel" time="39.101" classname="testcases.TC_HM_003_parameterize_excel"/>
  <system-out/>
</testsuite> <!-- testcases.TC_HM_003_parameterize_excel -->
