<?xml version="1.0" encoding="UTF-8"?>
<!-- Generated by org.testng.reporters.JUnitReportReporter -->
<testsuite skipped="0" hostname="DESKTOP-7QOC93L" name="testcases.TC_HM_002" tests="1" failures="0" timestamp="2022-11-09T19:13:52 IST" time="11.204" errors="0">
  <testcase name="TC_HM_002" time="11.204" classname="testcases.TC_HM_002"/>
  <system-out/>
</testsuite> <!-- testcases.TC_HM_002 -->
