<?xml version="1.0" encoding="UTF-8"?>
<!-- Generated by org.testng.reporters.JUnitReportReporter -->
<testsuite skipped="0" hostname="DESKTOP-7QOC93L" name="testcases.TC_HM_003_parameterize_excel" tests="5" failures="0" timestamp="2022-11-08T14:50:20 IST" time="185.321" errors="0">
  <testcase name="TC_HM_003_parameterize_excel" time="30.113" classname="testcases.TC_HM_003_parameterize_excel"/>
  <system-out/>
  <testcase name="TC_HM_003_parameterize_excel" time="35.674" classname="testcases.TC_HM_003_parameterize_excel"/>
  <system-out/>
  <testcase name="TC_HM_003_parameterize_excel" time="30.152" classname="testcases.TC_HM_003_parameterize_excel"/>
  <system-out/>
  <testcase name="TC_HM_003_parameterize_excel" time="42.311" classname="testcases.TC_HM_003_parameterize_excel"/>
  <system-out/>
  <testcase name="TC_HM_003_parameterize_excel" time="47.071" classname="testcases.TC_HM_003_parameterize_excel"/>
  <system-out/>
</testsuite> <!-- testcases.TC_HM_003_parameterize_excel -->
