<?xml version="1.0" encoding="UTF-8"?>
<!-- Generated by org.testng.reporters.JUnitReportReporter -->
<testsuite skipped="0" hostname="DESKTOP-7QOC93L" name="testcases.TC_HM_003_parameterize_excel_util" tests="5" failures="0" timestamp="2022-11-08T12:57:41 IST" time="197.089" errors="0">
  <testcase name="TC_HM_003_parameterize_excel_util" time="48.335" classname="testcases.TC_HM_003_parameterize_excel_util"/>
  <system-out/>
  <testcase name="TC_HM_003_parameterize_excel_util" time="48.602" classname="testcases.TC_HM_003_parameterize_excel_util"/>
  <system-out/>
  <testcase name="TC_HM_003_parameterize_excel_util" time="35.245" classname="testcases.TC_HM_003_parameterize_excel_util"/>
  <system-out/>
  <testcase name="TC_HM_003_parameterize_excel_util" time="39.749" classname="testcases.TC_HM_003_parameterize_excel_util"/>
  <system-out/>
  <testcase name="TC_HM_003_parameterize_excel_util" time="25.158" classname="testcases.TC_HM_003_parameterize_excel_util"/>
  <system-out/>
</testsuite> <!-- testcases.TC_HM_003_parameterize_excel_util -->
