<?xml version="1.0" encoding="UTF-8"?>
<!-- Generated by org.testng.reporters.JUnitReportReporter -->
<testsuite skipped="0" hostname="DESKTOP-7QOC93L" name="testcases.TC_HM_003_parameterize_excel_util" tests="5" failures="0" timestamp="2022-11-08T19:42:46 IST" time="58.827" errors="0">
  <testcase name="TC_HM_003_parameterize_excel_util" time="11.899" classname="testcases.TC_HM_003_parameterize_excel_util"/>
  <system-out/>
  <testcase name="TC_HM_003_parameterize_excel_util" time="11.900" classname="testcases.TC_HM_003_parameterize_excel_util"/>
  <system-out/>
  <testcase name="TC_HM_003_parameterize_excel_util" time="11.794" classname="testcases.TC_HM_003_parameterize_excel_util"/>
  <system-out/>
  <testcase name="TC_HM_003_parameterize_excel_util" time="11.685" classname="testcases.TC_HM_003_parameterize_excel_util"/>
  <system-out/>
  <testcase name="TC_HM_003_parameterize_excel_util" time="11.549" classname="testcases.TC_HM_003_parameterize_excel_util"/>
  <system-out/>
</testsuite> <!-- testcases.TC_HM_003_parameterize_excel_util -->
