<?xml version="1.0" encoding="UTF-8"?>
<!-- Generated by org.testng.reporters.JUnitReportReporter -->
<testsuite skipped="0" hostname="DESKTOP-7QOC93L" name="testcases.TC_HM_002" tests="1" failures="0" timestamp="2022-11-08T14:50:20 IST" time="42.177" errors="0">
  <testcase name="TC_HM_002" time="42.177" classname="testcases.TC_HM_002"/>
  <system-out/>
</testsuite> <!-- testcases.TC_HM_002 -->
