<?xml version="1.0" encoding="UTF-8"?>
<!-- Generated by org.testng.reporters.JUnitReportReporter -->
<testsuite skipped="0" hostname="DESKTOP-7QOC93L" name="testcases.TC_HM_001" tests="1" failures="0" timestamp="2022-11-14T06:49:46 IST" time="9.893" errors="0">
  <testcase name="TC_HM_001" time="9.893" classname="testcases.TC_HM_001"/>
  <system-out/>
</testsuite> <!-- testcases.TC_HM_001 -->
