<?xml version="1.0" encoding="UTF-8"?>
<!-- Generated by org.testng.reporters.JUnitReportReporter -->
<testsuite skipped="0" hostname="DESKTOP-7QOC93L" name="testcases.TC_HM_003_parameterize_excel" tests="5" failures="0" timestamp="2022-11-08T19:42:46 IST" time="58.992" errors="0">
  <testcase name="TC_HM_003_parameterize_excel" time="12.155" classname="testcases.TC_HM_003_parameterize_excel"/>
  <system-out/>
  <testcase name="TC_HM_003_parameterize_excel" time="12.074" classname="testcases.TC_HM_003_parameterize_excel"/>
  <system-out/>
  <testcase name="TC_HM_003_parameterize_excel" time="12.730" classname="testcases.TC_HM_003_parameterize_excel"/>
  <system-out/>
  <testcase name="TC_HM_003_parameterize_excel" time="10.112" classname="testcases.TC_HM_003_parameterize_excel"/>
  <system-out/>
  <testcase name="TC_HM_003_parameterize_excel" time="11.921" classname="testcases.TC_HM_003_parameterize_excel"/>
  <system-out/>
</testsuite> <!-- testcases.TC_HM_003_parameterize_excel -->
