<?xml version="1.0" encoding="UTF-8"?>
<!-- Generated by org.testng.reporters.JUnitReportReporter -->
<testsuite skipped="0" hostname="DESKTOP-7QOC93L" name="testcases.TC_HM_001" tests="1" failures="0" timestamp="2022-11-11T09:49:45 IST" time="9.083" errors="0">
  <testcase name="TC_HM_001" time="9.083" classname="testcases.TC_HM_001"/>
  <system-out/>
</testsuite> <!-- testcases.TC_HM_001 -->
